ZaiChengDu/AtChengDu/build/outputs/logs/manifest-merger-chengdu-release-report.txt
-- Merging decision tree log ---
manifest
ADDED from ZaiChengDu\AtChengDu\AndroidManifest.xml:2:1-515:12
	package
		ADDED from ZaiChengDu\AtChengDu\AndroidManifest.xml:3:5-34
		INJECTED from ZaiChengDu\AtChengDu\AndroidManifest.xml
		INJECTED from ZaiChengDu\AtChengDu\AndroidManifest.xml
	android:versionName
		INJECTED from ZaiChengDu\AtChengDu\AndroidManifest.xml
		INJECTED from ZaiChengDu\AtChengDu\AndroidManifest.xml
	xmlns:android
		ADDED from ZaiChengDu\AtChengDu\AndroidManifest.xml:2:11-69
	android:versionCode
		INJECTED from ZaiChengDu\AtChengDu\AndroidManifest.xml
		INJECTED from ZaiChengDu\AtChengDu\AndroidManifest.xml
uses-sdk
ADDED from ZaiChengDu\AtChengDu\AndroidManifest.xml:5:5-7:41
MERGED from [ZaiChengDu:AtChengDuSDK:unspecified] AndroidManifest.xml:7:5-9:41
MERGED from [ZaiChengDu:ACDPullToRefresh:unspecified] AndroidManifest.xml:7:5-43
	android:targetSdkVersion
		ADDED from ZaiChengDu\AtChengDu\AndroidManifest.xml:7:9-38
	android:minSdkVersion
		ADDED from ZaiChengDu\AtChengDu\AndroidManifest.xml:6:9-35
supports-screens
ADDED from ZaiChengDu\AtChengDu\AndroidManifest.xml:9:5-14:39
	android:largeScreens
		ADDED from ZaiChengDu\AtChengDu\AndroidManifest.xml:11:9-36
	android:smallScreens
		ADDED from ZaiChengDu\AtChengDu\AndroidManifest.xml:14:9-36
	android:normalScreens
		ADDED from ZaiChengDu\AtChengDu\AndroidManifest.xml:12:9-37
	android:resizeable
		ADDED from ZaiChengDu\AtChengDu\AndroidManifest.xml:13:9-34
	android:anyDensity
		ADDED from ZaiChengDu\AtChengDu\AndroidManifest.xml:10:9-34
application
ADDED from ZaiChengDu\AtChengDu\AndroidManifest.xml:16:5-420:19
MERGED from [ZaiChengDu:AtChengDuSDK:unspecified] AndroidManifest.xml:11:5-15:19
MERGED from [ZaiChengDu:ACDPullToRefresh:unspecified] AndroidManifest.xml:9:5-20
	android:label
		ADDED from ZaiChengDu\AtChengDu\AndroidManifest.xml:21:9-41
	android:hardwareAccelerated
		ADDED from ZaiChengDu\AtChengDu\AndroidManifest.xml:19:9-44
	android:allowBackup
		ADDED from ZaiChengDu\AtChengDu\AndroidManifest.xml:18:9-35
	android:icon
		ADDED from ZaiChengDu\AtChengDu\AndroidManifest.xml:20:9-38
	android:theme
		ADDED from ZaiChengDu\AtChengDu\AndroidManifest.xml:22:9-40
	android:name
		ADDED from ZaiChengDu\AtChengDu\AndroidManifest.xml:17:9-43
activity#com.z012.chengdu.sc.ui.activity.WelcomeActivity
ADDED from ZaiChengDu\AtChengDu\AndroidManifest.xml:23:9-33:20
	android:screenOrientation
		ADDED from ZaiChengDu\AtChengDu\AndroidManifest.xml:26:13-49
	android:label
		ADDED from ZaiChengDu\AtChengDu\AndroidManifest.xml:25:13-45
	android:theme
		ADDED from ZaiChengDu\AtChengDu\AndroidManifest.xml:27:13-44
	android:name
		ADDED from ZaiChengDu\AtChengDu\AndroidManifest.xml:24:13-56
intent-filter#android.intent.action.MAIN+android.intent.category.LAUNCHER
ADDED from ZaiChengDu\AtChengDu\AndroidManifest.xml:28:13-32:29
action#android.intent.action.MAIN
ADDED from ZaiChengDu\AtChengDu\AndroidManifest.xml:29:17-69
	android:name
		ADDED from ZaiChengDu\AtChengDu\AndroidManifest.xml:29:25-66
category#android.intent.category.LAUNCHER
ADDED from ZaiChengDu\AtChengDu\AndroidManifest.xml:31:17-77
	android:name
		ADDED from ZaiChengDu\AtChengDu\AndroidManifest.xml:31:27-74
activity#com.z012.chengdu.sc.ui.activity.MyQAActivity
ADDED from ZaiChengDu\AtChengDu\AndroidManifest.xml:35:9-37:52
	android:screenOrientation
		ADDED from ZaiChengDu\AtChengDu\AndroidManifest.xml:37:13-49
	android:name
		ADDED from ZaiChengDu\AtChengDu\AndroidManifest.xml:36:13-53
activity#com.z012.chengdu.sc.ui.activity.MainFragmentActivity
ADDED from ZaiChengDu\AtChengDu\AndroidManifest.xml:38:9-41:52
	android:screenOrientation
		ADDED from ZaiChengDu\AtChengDu\AndroidManifest.xml:41:13-49
	android:launchMode
		ADDED from ZaiChengDu\AtChengDu\AndroidManifest.xml:40:13-44
	android:name
		ADDED from ZaiChengDu\AtChengDu\AndroidManifest.xml:39:13-61
activity#com.z012.chengdu.sc.ui.activity.LoginActivity
ADDED from ZaiChengDu\AtChengDu\AndroidManifest.xml:43:9-45:52
	android:screenOrientation
		ADDED from ZaiChengDu\AtChengDu\AndroidManifest.xml:45:13-49
	android:name
		ADDED from ZaiChengDu\AtChengDu\AndroidManifest.xml:44:13-54
activity#com.z012.chengdu.sc.ui.activity.WeatherActivity
ADDED from ZaiChengDu\AtChengDu\AndroidManifest.xml:47:9-49:52
	android:screenOrientation
		ADDED from ZaiChengDu\AtChengDu\AndroidManifest.xml:49:13-49
	android:name
		ADDED from ZaiChengDu\AtChengDu\AndroidManifest.xml:48:13-56
activity#com.z012.chengdu.sc.ui.activity.WeatherSelectActivity
ADDED from ZaiChengDu\AtChengDu\AndroidManifest.xml:52:9-54:52
	android:screenOrientation
		ADDED from ZaiChengDu\AtChengDu\AndroidManifest.xml:54:13-49
	android:name
		ADDED from ZaiChengDu\AtChengDu\AndroidManifest.xml:53:13-62
activity#com.z012.chengdu.sc.ui.activity.HtmlActivity
ADDED from ZaiChengDu\AtChengDu\AndroidManifest.xml:56:9-59:52
	android:screenOrientation
		ADDED from ZaiChengDu\AtChengDu\AndroidManifest.xml:59:13-49
	android:configChanges
		ADDED from ZaiChengDu\AtChengDu\AndroidManifest.xml:58:13-74
	android:name
		ADDED from ZaiChengDu\AtChengDu\AndroidManifest.xml:57:13-53
activity#com.z012.chengdu.sc.ui.activity.UserGuideActivity
ADDED from ZaiChengDu\AtChengDu\AndroidManifest.xml:61:9-64:58
	android:screenOrientation
		ADDED from ZaiChengDu\AtChengDu\AndroidManifest.xml:63:13-49
	android:windowSoftInputMode
		ADDED from ZaiChengDu\AtChengDu\AndroidManifest.xml:64:13-55
	android:name
		ADDED from ZaiChengDu\AtChengDu\AndroidManifest.xml:62:13-58
activity#com.z012.chengdu.sc.ui.activity.ColumnActivity
ADDED from ZaiChengDu\AtChengDu\AndroidManifest.xml:66:9-68:52
	android:screenOrientation
		ADDED from ZaiChengDu\AtChengDu\AndroidManifest.xml:68:13-49
	android:name
		ADDED from ZaiChengDu\AtChengDu\AndroidManifest.xml:67:13-55
activity#com.z012.chengdu.sc.ui.activity.SupermarketActivity
ADDED from ZaiChengDu\AtChengDu\AndroidManifest.xml:70:9-72:52
	android:screenOrientation
		ADDED from ZaiChengDu\AtChengDu\AndroidManifest.xml:72:13-49
	android:name
		ADDED from ZaiChengDu\AtChengDu\AndroidManifest.xml:71:13-60
activity#com.z012.chengdu.sc.ui.activity.WebViewActivity
ADDED from ZaiChengDu\AtChengDu\AndroidManifest.xml:74:9-77:58
	android:screenOrientation
		ADDED from ZaiChengDu\AtChengDu\AndroidManifest.xml:76:13-49
	android:windowSoftInputMode
		ADDED from ZaiChengDu\AtChengDu\AndroidManifest.xml:77:13-55
	android:name
		ADDED from ZaiChengDu\AtChengDu\AndroidManifest.xml:75:13-56
activity#com.z012.chengdu.sc.ui.activity.SearchActivity
ADDED from ZaiChengDu\AtChengDu\AndroidManifest.xml:79:9-81:52
	android:screenOrientation
		ADDED from ZaiChengDu\AtChengDu\AndroidManifest.xml:81:13-49
	android:name
		ADDED from ZaiChengDu\AtChengDu\AndroidManifest.xml:80:13-55
activity#com.z012.chengdu.sc.ui.activity.QADetailsActivity
ADDED from ZaiChengDu\AtChengDu\AndroidManifest.xml:83:9-85:52
	android:screenOrientation
		ADDED from ZaiChengDu\AtChengDu\AndroidManifest.xml:85:13-49
	android:name
		ADDED from ZaiChengDu\AtChengDu\AndroidManifest.xml:84:13-58
activity#com.z012.chengdu.sc.ui.activity.PersonalDataActivity
ADDED from ZaiChengDu\AtChengDu\AndroidManifest.xml:87:9-89:52
	android:screenOrientation
		ADDED from ZaiChengDu\AtChengDu\AndroidManifest.xml:89:13-49
	android:name
		ADDED from ZaiChengDu\AtChengDu\AndroidManifest.xml:88:13-61
activity#com.z012.chengdu.sc.ui.activity.SystemSetActivity
ADDED from ZaiChengDu\AtChengDu\AndroidManifest.xml:91:9-93:52
	android:screenOrientation
		ADDED from ZaiChengDu\AtChengDu\AndroidManifest.xml:93:13-49
	android:name
		ADDED from ZaiChengDu\AtChengDu\AndroidManifest.xml:92:13-58
activity#com.z012.chengdu.sc.ui.activity.MyCollectionActivity
ADDED from ZaiChengDu\AtChengDu\AndroidManifest.xml:95:9-97:52
	android:screenOrientation
		ADDED from ZaiChengDu\AtChengDu\AndroidManifest.xml:97:13-49
	android:name
		ADDED from ZaiChengDu\AtChengDu\AndroidManifest.xml:96:13-61
activity#com.z012.chengdu.sc.ui.activity.FeedbackActivity
ADDED from ZaiChengDu\AtChengDu\AndroidManifest.xml:99:9-101:52
	android:screenOrientation
		ADDED from ZaiChengDu\AtChengDu\AndroidManifest.xml:101:13-49
	android:name
		ADDED from ZaiChengDu\AtChengDu\AndroidManifest.xml:100:13-57
activity#com.z012.chengdu.sc.ui.activity.ChangePhoneNoActivity
ADDED from ZaiChengDu\AtChengDu\AndroidManifest.xml:103:9-105:52
	android:screenOrientation
		ADDED from ZaiChengDu\AtChengDu\AndroidManifest.xml:105:13-49
	android:name
		ADDED from ZaiChengDu\AtChengDu\AndroidManifest.xml:104:13-62
activity#com.z012.chengdu.sc.ui.activity.ChangePhoneNoBindActivity
ADDED from ZaiChengDu\AtChengDu\AndroidManifest.xml:107:9-109:52
	android:screenOrientation
		ADDED from ZaiChengDu\AtChengDu\AndroidManifest.xml:109:13-49
	android:name
		ADDED from ZaiChengDu\AtChengDu\AndroidManifest.xml:108:13-66
activity#com.z012.chengdu.sc.ui.activity.RegisterActivity
ADDED from ZaiChengDu\AtChengDu\AndroidManifest.xml:111:9-113:52
	android:screenOrientation
		ADDED from ZaiChengDu\AtChengDu\AndroidManifest.xml:113:13-49
	android:name
		ADDED from ZaiChengDu\AtChengDu\AndroidManifest.xml:112:13-57
activity#com.z012.chengdu.sc.ui.activity.ForgetPwdActivity
ADDED from ZaiChengDu\AtChengDu\AndroidManifest.xml:115:9-117:52
	android:screenOrientation
		ADDED from ZaiChengDu\AtChengDu\AndroidManifest.xml:117:13-49
	android:name
		ADDED from ZaiChengDu\AtChengDu\AndroidManifest.xml:116:13-58
activity#com.z012.chengdu.sc.ui.activity.UpdataLoginPwdActivity
ADDED from ZaiChengDu\AtChengDu\AndroidManifest.xml:119:9-121:52
	android:screenOrientation
		ADDED from ZaiChengDu\AtChengDu\AndroidManifest.xml:121:13-49
	android:name
		ADDED from ZaiChengDu\AtChengDu\AndroidManifest.xml:120:13-63
activity#com.z012.chengdu.sc.ui.activity.IdentityVerificationActivity
ADDED from ZaiChengDu\AtChengDu\AndroidManifest.xml:123:9-125:52
	android:screenOrientation
		ADDED from ZaiChengDu\AtChengDu\AndroidManifest.xml:125:13-49
	android:name
		ADDED from ZaiChengDu\AtChengDu\AndroidManifest.xml:124:13-69
activity#com.z012.chengdu.sc.ui.activity.QAISayActivity
ADDED from ZaiChengDu\AtChengDu\AndroidManifest.xml:127:9-129:52
	android:screenOrientation
		ADDED from ZaiChengDu\AtChengDu\AndroidManifest.xml:129:13-49
	android:name
		ADDED from ZaiChengDu\AtChengDu\AndroidManifest.xml:128:13-55
activity#com.z012.chengdu.sc.ui.activity.ImageScaleActivity
ADDED from ZaiChengDu\AtChengDu\AndroidManifest.xml:131:9-133:52
	android:screenOrientation
		ADDED from ZaiChengDu\AtChengDu\AndroidManifest.xml:133:13-49
	android:name
		ADDED from ZaiChengDu\AtChengDu\AndroidManifest.xml:132:13-59
activity#com.z012.chengdu.sc.ui.activity.AboutActivity
ADDED from ZaiChengDu\AtChengDu\AndroidManifest.xml:135:9-138:20
	android:screenOrientation
		ADDED from ZaiChengDu\AtChengDu\AndroidManifest.xml:137:13-49
	android:name
		ADDED from ZaiChengDu\AtChengDu\AndroidManifest.xml:136:13-54
activity#com.z012.chengdu.sc.ui.activity.InviteActivity
ADDED from ZaiChengDu\AtChengDu\AndroidManifest.xml:147:9-149:52
	android:screenOrientation
		ADDED from ZaiChengDu\AtChengDu\AndroidManifest.xml:149:13-49
	android:name
		ADDED from ZaiChengDu\AtChengDu\AndroidManifest.xml:148:13-55
activity#com.z012.chengdu.sc.ui.activity.InviteListActivity
ADDED from ZaiChengDu\AtChengDu\AndroidManifest.xml:151:9-153:52
	android:screenOrientation
		ADDED from ZaiChengDu\AtChengDu\AndroidManifest.xml:153:13-49
	android:name
		ADDED from ZaiChengDu\AtChengDu\AndroidManifest.xml:152:13-59
activity#com.z012.chengdu.sc.ui.activity.AddressManageActivity
ADDED from ZaiChengDu\AtChengDu\AndroidManifest.xml:155:9-157:52
	android:screenOrientation
		ADDED from ZaiChengDu\AtChengDu\AndroidManifest.xml:157:13-49
	android:name
		ADDED from ZaiChengDu\AtChengDu\AndroidManifest.xml:156:13-62
activity#com.z012.chengdu.sc.ui.activity.AddressEditActivity
ADDED from ZaiChengDu\AtChengDu\AndroidManifest.xml:159:9-161:52
	android:screenOrientation
		ADDED from ZaiChengDu\AtChengDu\AndroidManifest.xml:161:13-49
	android:name
		ADDED from ZaiChengDu\AtChengDu\AndroidManifest.xml:160:13-60
activity#com.z012.chengdu.sc.ui.activity.BindPhoneActivity
ADDED from ZaiChengDu\AtChengDu\AndroidManifest.xml:163:9-165:52
	android:screenOrientation
		ADDED from ZaiChengDu\AtChengDu\AndroidManifest.xml:165:13-49
	android:name
		ADDED from ZaiChengDu\AtChengDu\AndroidManifest.xml:164:13-58
activity#com.z012.chengdu.sc.ui.activity.BindPhoneSecondStepActivity
ADDED from ZaiChengDu\AtChengDu\AndroidManifest.xml:166:9-168:52
	android:screenOrientation
		ADDED from ZaiChengDu\AtChengDu\AndroidManifest.xml:168:13-49
	android:name
		ADDED from ZaiChengDu\AtChengDu\AndroidManifest.xml:167:13-68
activity#com.z012.chengdu.sc.ui.activity.QAPursueErrorCorrectionActivity
ADDED from ZaiChengDu\AtChengDu\AndroidManifest.xml:170:9-172:52
	android:screenOrientation
		ADDED from ZaiChengDu\AtChengDu\AndroidManifest.xml:172:13-49
	android:name
		ADDED from ZaiChengDu\AtChengDu\AndroidManifest.xml:171:13-72
activity#com.z012.chengdu.sc.ui.activity.AccountSecurityActivity
ADDED from ZaiChengDu\AtChengDu\AndroidManifest.xml:174:9-176:52
	android:screenOrientation
		ADDED from ZaiChengDu\AtChengDu\AndroidManifest.xml:176:13-49
	android:name
		ADDED from ZaiChengDu\AtChengDu\AndroidManifest.xml:175:13-64
activity#com.z012.chengdu.sc.ui.activity.BalanceInquireActivity
ADDED from ZaiChengDu\AtChengDu\AndroidManifest.xml:178:9-180:52
	android:screenOrientation
		ADDED from ZaiChengDu\AtChengDu\AndroidManifest.xml:180:13-49
	android:name
		ADDED from ZaiChengDu\AtChengDu\AndroidManifest.xml:179:13-63
activity#com.z012.chengdu.sc.ui.activity.BindBankCardActivity
ADDED from ZaiChengDu\AtChengDu\AndroidManifest.xml:182:9-184:52
	android:screenOrientation
		ADDED from ZaiChengDu\AtChengDu\AndroidManifest.xml:184:13-49
	android:name
		ADDED from ZaiChengDu\AtChengDu\AndroidManifest.xml:183:13-61
activity#com.z012.chengdu.sc.ui.activity.SelectBankCardActivity
ADDED from ZaiChengDu\AtChengDu\AndroidManifest.xml:186:9-188:52
	android:screenOrientation
		ADDED from ZaiChengDu\AtChengDu\AndroidManifest.xml:188:13-49
	android:name
		ADDED from ZaiChengDu\AtChengDu\AndroidManifest.xml:187:13-63
activity#com.z012.chengdu.sc.ui.activity.CashingActivity
ADDED from ZaiChengDu\AtChengDu\AndroidManifest.xml:190:9-192:52
	android:screenOrientation
		ADDED from ZaiChengDu\AtChengDu\AndroidManifest.xml:192:13-49
	android:name
		ADDED from ZaiChengDu\AtChengDu\AndroidManifest.xml:191:13-56
activity#com.z012.chengdu.sc.ui.activity.CashingVerificationCodeActivity
ADDED from ZaiChengDu\AtChengDu\AndroidManifest.xml:194:9-196:52
	android:screenOrientation
		ADDED from ZaiChengDu\AtChengDu\AndroidManifest.xml:196:13-49
	android:name
		ADDED from ZaiChengDu\AtChengDu\AndroidManifest.xml:195:13-72
activity#com.z012.chengdu.sc.ui.activity.BindThirdPartyActivity
ADDED from ZaiChengDu\AtChengDu\AndroidManifest.xml:198:9-200:52
	android:screenOrientation
		ADDED from ZaiChengDu\AtChengDu\AndroidManifest.xml:200:13-49
	android:name
		ADDED from ZaiChengDu\AtChengDu\AndroidManifest.xml:199:13-63
activity#com.z012.chengdu.sc.ui.activity.QATagAboutListActivity
ADDED from ZaiChengDu\AtChengDu\AndroidManifest.xml:202:9-204:52
	android:screenOrientation
		ADDED from ZaiChengDu\AtChengDu\AndroidManifest.xml:204:13-49
	android:name
		ADDED from ZaiChengDu\AtChengDu\AndroidManifest.xml:203:13-63
activity#cmb.pb.ui.PBKeyboardActivity
ADDED from ZaiChengDu\AtChengDu\AndroidManifest.xml:205:9-208:20
	android:theme
		ADDED from ZaiChengDu\AtChengDu\AndroidManifest.xml:207:13-56
	android:name
		ADDED from ZaiChengDu\AtChengDu\AndroidManifest.xml:206:13-56
service#cmb.pb.cmbsafe.CmbService
ADDED from ZaiChengDu\AtChengDu\AndroidManifest.xml:210:9-213:19
	android:exported
		ADDED from ZaiChengDu\AtChengDu\AndroidManifest.xml:212:13-37
	android:name
		ADDED from ZaiChengDu\AtChengDu\AndroidManifest.xml:211:13-53
meta-data#com.baidu.lbsapi.API_KEY
ADDED from ZaiChengDu\AtChengDu\AndroidManifest.xml:216:9-218:61
	android:value
		ADDED from ZaiChengDu\AtChengDu\AndroidManifest.xml:218:13-58
	android:name
		ADDED from ZaiChengDu\AtChengDu\AndroidManifest.xml:217:13-52
service#com.baidu.location.f
ADDED from ZaiChengDu\AtChengDu\AndroidManifest.xml:220:9-224:19
	android:enabled
		ADDED from ZaiChengDu\AtChengDu\AndroidManifest.xml:222:13-35
	android:process
		ADDED from ZaiChengDu\AtChengDu\AndroidManifest.xml:223:13-38
	android:name
		ADDED from ZaiChengDu\AtChengDu\AndroidManifest.xml:221:13-48
activity#com.z012.chengdu.sc.wxapi.WXPayEntryActivity
ADDED from ZaiChengDu\AtChengDu\AndroidManifest.xml:227:9-230:46
	android:launchMode
		ADDED from ZaiChengDu\AtChengDu\AndroidManifest.xml:230:13-43
	android:exported
		ADDED from ZaiChengDu\AtChengDu\AndroidManifest.xml:229:13-36
	android:name
		ADDED from ZaiChengDu\AtChengDu\AndroidManifest.xml:228:13-72
receiver#com.common.pay.wxpay.AppRegister
ADDED from ZaiChengDu\AtChengDu\AndroidManifest.xml:232:9-236:20
	android:name
		ADDED from ZaiChengDu\AtChengDu\AndroidManifest.xml:232:19-66
intent-filter#com.tencent.mm.plugin.openapi.Intent.ACTION_REFRESH_WXAPP
ADDED from ZaiChengDu\AtChengDu\AndroidManifest.xml:233:13-235:29
action#com.tencent.mm.plugin.openapi.Intent.ACTION_REFRESH_WXAPP
ADDED from ZaiChengDu\AtChengDu\AndroidManifest.xml:234:17-100
	android:name
		ADDED from ZaiChengDu\AtChengDu\AndroidManifest.xml:234:25-97
activity#com.umeng.socialize.view.ShareActivity
ADDED from ZaiChengDu\AtChengDu\AndroidManifest.xml:240:9-247:20
	android:launchMode
		ADDED from ZaiChengDu\AtChengDu\AndroidManifest.xml:243:13-44
	android:noHistory
		ADDED from ZaiChengDu\AtChengDu\AndroidManifest.xml:244:13-37
	android:windowSoftInputMode
		ADDED from ZaiChengDu\AtChengDu\AndroidManifest.xml:246:13-68
	android:configChanges
		ADDED from ZaiChengDu\AtChengDu\AndroidManifest.xml:242:13-57
	android:theme
		ADDED from ZaiChengDu\AtChengDu\AndroidManifest.xml:245:13-50
	android:name
		ADDED from ZaiChengDu\AtChengDu\AndroidManifest.xml:241:13-66
activity#com.z012.chengdu.sc.wxapi.WXEntryActivity
ADDED from ZaiChengDu\AtChengDu\AndroidManifest.xml:250:9-255:75
	android:screenOrientation
		ADDED from ZaiChengDu\AtChengDu\AndroidManifest.xml:254:13-49
	android:exported
		ADDED from ZaiChengDu\AtChengDu\AndroidManifest.xml:253:13-36
	android:configChanges
		ADDED from ZaiChengDu\AtChengDu\AndroidManifest.xml:252:13-63
	android:theme
		ADDED from ZaiChengDu\AtChengDu\AndroidManifest.xml:255:13-72
	android:name
		ADDED from ZaiChengDu\AtChengDu\AndroidManifest.xml:251:13-50
activity#com.tencent.tauth.AuthActivity
ADDED from ZaiChengDu\AtChengDu\AndroidManifest.xml:258:9-270:20
	android:launchMode
		ADDED from ZaiChengDu\AtChengDu\AndroidManifest.xml:260:13-44
	android:noHistory
		ADDED from ZaiChengDu\AtChengDu\AndroidManifest.xml:261:13-37
	android:name
		ADDED from ZaiChengDu\AtChengDu\AndroidManifest.xml:259:13-58
intent-filter#android.intent.action.VIEW+android.intent.category.BROWSABLE+android.intent.category.DEFAULT
ADDED from ZaiChengDu\AtChengDu\AndroidManifest.xml:262:13-269:29
action#android.intent.action.VIEW
ADDED from ZaiChengDu\AtChengDu\AndroidManifest.xml:263:17-69
	android:name
		ADDED from ZaiChengDu\AtChengDu\AndroidManifest.xml:263:25-66
category#android.intent.category.DEFAULT
ADDED from ZaiChengDu\AtChengDu\AndroidManifest.xml:265:17-76
	android:name
		ADDED from ZaiChengDu\AtChengDu\AndroidManifest.xml:265:27-73
category#android.intent.category.BROWSABLE
ADDED from ZaiChengDu\AtChengDu\AndroidManifest.xml:266:17-78
	android:name
		ADDED from ZaiChengDu\AtChengDu\AndroidManifest.xml:266:27-75
data
ADDED from ZaiChengDu\AtChengDu\AndroidManifest.xml:268:17-60
	android:scheme
		ADDED from ZaiChengDu\AtChengDu\AndroidManifest.xml:268:23-57
activity#com.tencent.connect.common.AssistActivity
ADDED from ZaiChengDu\AtChengDu\AndroidManifest.xml:271:9-275:20
	android:screenOrientation
		ADDED from ZaiChengDu\AtChengDu\AndroidManifest.xml:273:13-49
	android:theme
		ADDED from ZaiChengDu\AtChengDu\AndroidManifest.xml:274:13-72
	android:name
		ADDED from ZaiChengDu\AtChengDu\AndroidManifest.xml:272:13-69
activity#cn.jpush.android.ui.PushActivity
ADDED from ZaiChengDu\AtChengDu\AndroidManifest.xml:279:9-289:20
	android:exported
		ADDED from ZaiChengDu\AtChengDu\AndroidManifest.xml:282:13-37
	android:configChanges
		ADDED from ZaiChengDu\AtChengDu\AndroidManifest.xml:281:13-63
	android:name
		ADDED from ZaiChengDu\AtChengDu\AndroidManifest.xml:280:13-60
intent-filter#${AppPackageName}+android.intent.category.DEFAULT+cn.jpush.android.ui.PushActivity
ADDED from ZaiChengDu\AtChengDu\AndroidManifest.xml:283:13-288:29
action#cn.jpush.android.ui.PushActivity
ADDED from ZaiChengDu\AtChengDu\AndroidManifest.xml:284:17-75
	android:name
		ADDED from ZaiChengDu\AtChengDu\AndroidManifest.xml:284:25-72
category#${AppPackageName}
ADDED from ZaiChengDu\AtChengDu\AndroidManifest.xml:287:17-62
	android:name
		ADDED from ZaiChengDu\AtChengDu\AndroidManifest.xml:287:27-59
		INJECTED from ZaiChengDu\AtChengDu\AndroidManifest.xml
		INJECTED from ZaiChengDu\AtChengDu\AndroidManifest.xml
		INJECTED from ZaiChengDu\AtChengDu\AndroidManifest.xml
		INJECTED from ZaiChengDu\AtChengDu\AndroidManifest.xml
service#cn.jpush.android.service.DownloadService
ADDED from ZaiChengDu\AtChengDu\AndroidManifest.xml:291:9-295:19
	android:enabled
		ADDED from ZaiChengDu\AtChengDu\AndroidManifest.xml:293:13-35
	android:exported
		ADDED from ZaiChengDu\AtChengDu\AndroidManifest.xml:294:13-37
	android:name
		ADDED from ZaiChengDu\AtChengDu\AndroidManifest.xml:292:13-68
service#cn.jpush.android.service.PushService
ADDED from ZaiChengDu\AtChengDu\AndroidManifest.xml:298:9-308:19
	android:enabled
		ADDED from ZaiChengDu\AtChengDu\AndroidManifest.xml:300:13-35
	android:exported
		ADDED from ZaiChengDu\AtChengDu\AndroidManifest.xml:301:13-37
	android:name
		ADDED from ZaiChengDu\AtChengDu\AndroidManifest.xml:299:13-64
intent-filter#cn.jpush.android.intent.PUSH_TIME+cn.jpush.android.intent.PushService+cn.jpush.android.intent.REGISTER+cn.jpush.android.intent.REPORT
ADDED from ZaiChengDu\AtChengDu\AndroidManifest.xml:302:13-307:29
action#cn.jpush.android.intent.REGISTER
ADDED from ZaiChengDu\AtChengDu\AndroidManifest.xml:303:17-75
	android:name
		ADDED from ZaiChengDu\AtChengDu\AndroidManifest.xml:303:25-72
action#cn.jpush.android.intent.REPORT
ADDED from ZaiChengDu\AtChengDu\AndroidManifest.xml:304:17-73
	android:name
		ADDED from ZaiChengDu\AtChengDu\AndroidManifest.xml:304:25-70
action#cn.jpush.android.intent.PushService
ADDED from ZaiChengDu\AtChengDu\AndroidManifest.xml:305:17-78
	android:name
		ADDED from ZaiChengDu\AtChengDu\AndroidManifest.xml:305:25-75
action#cn.jpush.android.intent.PUSH_TIME
ADDED from ZaiChengDu\AtChengDu\AndroidManifest.xml:306:17-76
	android:name
		ADDED from ZaiChengDu\AtChengDu\AndroidManifest.xml:306:25-73
service#cn.jpush.android.service.DaemonService
ADDED from ZaiChengDu\AtChengDu\AndroidManifest.xml:312:9-321:19
	android:enabled
		ADDED from ZaiChengDu\AtChengDu\AndroidManifest.xml:314:13-35
	android:exported
		ADDED from ZaiChengDu\AtChengDu\AndroidManifest.xml:315:13-36
	android:name
		ADDED from ZaiChengDu\AtChengDu\AndroidManifest.xml:313:13-66
intent-filter#${AppPackageName}+cn.jpush.android.intent.DaemonService
ADDED from ZaiChengDu\AtChengDu\AndroidManifest.xml:316:13-320:29
action#cn.jpush.android.intent.DaemonService
ADDED from ZaiChengDu\AtChengDu\AndroidManifest.xml:317:17-80
	android:name
		ADDED from ZaiChengDu\AtChengDu\AndroidManifest.xml:317:25-77
receiver#cn.jpush.android.service.PushReceiver
ADDED from ZaiChengDu\AtChengDu\AndroidManifest.xml:324:9-343:20
	android:enabled
		ADDED from ZaiChengDu\AtChengDu\AndroidManifest.xml:326:13-35
	android:exported
		ADDED from ZaiChengDu\AtChengDu\AndroidManifest.xml:327:13-37
	android:name
		ADDED from ZaiChengDu\AtChengDu\AndroidManifest.xml:325:13-65
intent-filter#${AppPackageName}+cn.jpush.android.intent.NOTIFICATION_RECEIVED_PROXY
ADDED from ZaiChengDu\AtChengDu\AndroidManifest.xml:328:13-331:29
	android:priority
		ADDED from ZaiChengDu\AtChengDu\AndroidManifest.xml:328:28-51
action#cn.jpush.android.intent.NOTIFICATION_RECEIVED_PROXY
ADDED from ZaiChengDu\AtChengDu\AndroidManifest.xml:329:17-94
	android:name
		ADDED from ZaiChengDu\AtChengDu\AndroidManifest.xml:329:25-91
intent-filter#android.intent.action.USER_PRESENT+android.net.conn.CONNECTIVITY_CHANGE
ADDED from ZaiChengDu\AtChengDu\AndroidManifest.xml:332:13-335:29
action#android.intent.action.USER_PRESENT
ADDED from ZaiChengDu\AtChengDu\AndroidManifest.xml:333:17-77
	android:name
		ADDED from ZaiChengDu\AtChengDu\AndroidManifest.xml:333:25-74
action#android.net.conn.CONNECTIVITY_CHANGE
ADDED from ZaiChengDu\AtChengDu\AndroidManifest.xml:334:17-79
	android:name
		ADDED from ZaiChengDu\AtChengDu\AndroidManifest.xml:334:25-76
intent-filter#android.intent.action.PACKAGE_ADDED+android.intent.action.PACKAGE_REMOVED
ADDED from ZaiChengDu\AtChengDu\AndroidManifest.xml:337:13-342:29
action#android.intent.action.PACKAGE_ADDED
ADDED from ZaiChengDu\AtChengDu\AndroidManifest.xml:338:17-78
	android:name
		ADDED from ZaiChengDu\AtChengDu\AndroidManifest.xml:338:25-75
action#android.intent.action.PACKAGE_REMOVED
ADDED from ZaiChengDu\AtChengDu\AndroidManifest.xml:339:17-80
	android:name
		ADDED from ZaiChengDu\AtChengDu\AndroidManifest.xml:339:25-77
receiver#cn.jpush.android.service.AlarmReceiver
ADDED from ZaiChengDu\AtChengDu\AndroidManifest.xml:346:9-75
	android:name
		ADDED from ZaiChengDu\AtChengDu\AndroidManifest.xml:346:19-72
receiver#com.common.jpush.JPushReceiver
ADDED from ZaiChengDu\AtChengDu\AndroidManifest.xml:349:9-363:20
	android:enabled
		ADDED from ZaiChengDu\AtChengDu\AndroidManifest.xml:351:13-35
	android:exported
		ADDED from ZaiChengDu\AtChengDu\AndroidManifest.xml:352:13-37
	android:name
		ADDED from ZaiChengDu\AtChengDu\AndroidManifest.xml:350:13-58
intent-filter#${AppPackageName}+cn.jpush.android.intent.ACTION_RICHPUSH_CALLBACK+cn.jpush.android.intent.CONNECTION+cn.jpush.android.intent.MESSAGE_RECEIVED+cn.jpush.android.intent.NOTIFICATION_OPENED+cn.jpush.android.intent.NOTIFICATION_RECEIVED+cn.jpush.android.intent.REGISTRATION+cn.jpush.android.intent.UNREGISTRATION
ADDED from ZaiChengDu\AtChengDu\AndroidManifest.xml:353:13-362:29
action#cn.jpush.android.intent.REGISTRATION
ADDED from ZaiChengDu\AtChengDu\AndroidManifest.xml:354:17-79
	android:name
		ADDED from ZaiChengDu\AtChengDu\AndroidManifest.xml:354:25-76
action#cn.jpush.android.intent.UNREGISTRATION
ADDED from ZaiChengDu\AtChengDu\AndroidManifest.xml:355:17-81
	android:name
		ADDED from ZaiChengDu\AtChengDu\AndroidManifest.xml:355:25-78
action#cn.jpush.android.intent.MESSAGE_RECEIVED
ADDED from ZaiChengDu\AtChengDu\AndroidManifest.xml:356:17-83
	android:name
		ADDED from ZaiChengDu\AtChengDu\AndroidManifest.xml:356:25-80
action#cn.jpush.android.intent.NOTIFICATION_RECEIVED
ADDED from ZaiChengDu\AtChengDu\AndroidManifest.xml:357:17-88
	android:name
		ADDED from ZaiChengDu\AtChengDu\AndroidManifest.xml:357:25-85
action#cn.jpush.android.intent.NOTIFICATION_OPENED
ADDED from ZaiChengDu\AtChengDu\AndroidManifest.xml:358:17-86
	android:name
		ADDED from ZaiChengDu\AtChengDu\AndroidManifest.xml:358:25-83
action#cn.jpush.android.intent.ACTION_RICHPUSH_CALLBACK
ADDED from ZaiChengDu\AtChengDu\AndroidManifest.xml:359:17-91
	android:name
		ADDED from ZaiChengDu\AtChengDu\AndroidManifest.xml:359:25-88
action#cn.jpush.android.intent.CONNECTION
ADDED from ZaiChengDu\AtChengDu\AndroidManifest.xml:360:17-77
	android:name
		ADDED from ZaiChengDu\AtChengDu\AndroidManifest.xml:360:25-74
meta-data#JPUSH_CHANNEL
ADDED from ZaiChengDu\AtChengDu\AndroidManifest.xml:366:9-368:49
	android:value
		ADDED from ZaiChengDu\AtChengDu\AndroidManifest.xml:368:13-46
	android:name
		ADDED from ZaiChengDu\AtChengDu\AndroidManifest.xml:367:13-41
meta-data#JPUSH_APPKEY
ADDED from ZaiChengDu\AtChengDu\AndroidManifest.xml:369:9-371:52
	android:value
		ADDED from ZaiChengDu\AtChengDu\AndroidManifest.xml:371:13-49
	android:name
		ADDED from ZaiChengDu\AtChengDu\AndroidManifest.xml:370:13-40
activity#com.alipay.sdk.app.H5PayActivity
ADDED from ZaiChengDu\AtChengDu\AndroidManifest.xml:378:9-384:20
	android:screenOrientation
		ADDED from ZaiChengDu\AtChengDu\AndroidManifest.xml:382:13-47
	android:exported
		ADDED from ZaiChengDu\AtChengDu\AndroidManifest.xml:381:13-37
	android:windowSoftInputMode
		ADDED from ZaiChengDu\AtChengDu\AndroidManifest.xml:383:13-67
	android:configChanges
		ADDED from ZaiChengDu\AtChengDu\AndroidManifest.xml:380:13-74
	android:name
		ADDED from ZaiChengDu\AtChengDu\AndroidManifest.xml:379:13-60
activity#com.alipay.sdk.auth.AuthActivity
ADDED from ZaiChengDu\AtChengDu\AndroidManifest.xml:385:9-389:20
	android:exported
		ADDED from ZaiChengDu\AtChengDu\AndroidManifest.xml:388:13-37
	android:configChanges
		ADDED from ZaiChengDu\AtChengDu\AndroidManifest.xml:387:13-74
	android:name
		ADDED from ZaiChengDu\AtChengDu\AndroidManifest.xml:386:13-60
meta-data#PROJECT_BY
ADDED from ZaiChengDu\AtChengDu\AndroidManifest.xml:395:9-397:39
	android:value
		ADDED from ZaiChengDu\AtChengDu\AndroidManifest.xml:397:13-36
	android:name
		ADDED from ZaiChengDu\AtChengDu\AndroidManifest.xml:396:13-38
meta-data#UMENG_APPKEY
ADDED from ZaiChengDu\AtChengDu\AndroidManifest.xml:400:9-402:52
	android:value
		ADDED from ZaiChengDu\AtChengDu\AndroidManifest.xml:402:13-49
	android:name
		ADDED from ZaiChengDu\AtChengDu\AndroidManifest.xml:401:13-40
meta-data#UMENG_CHANNEL
ADDED from ZaiChengDu\AtChengDu\AndroidManifest.xml:405:9-407:44
	android:value
		ADDED from ZaiChengDu\AtChengDu\AndroidManifest.xml:407:13-41
	android:name
		ADDED from ZaiChengDu\AtChengDu\AndroidManifest.xml:406:13-41
service#com.umeng.update.net.DownloadingService
ADDED from ZaiChengDu\AtChengDu\AndroidManifest.xml:410:9-413:19
	android:process
		ADDED from ZaiChengDu\AtChengDu\AndroidManifest.xml:412:13-50
	android:name
		ADDED from ZaiChengDu\AtChengDu\AndroidManifest.xml:411:13-67
activity#com.umeng.update.UpdateDialogActivity
ADDED from ZaiChengDu\AtChengDu\AndroidManifest.xml:415:9-418:20
	android:theme